\BOOKMARK [1][-]{section.1}{Electric Charge, Coulomb's Law, and Superposition.}{}% 1
\BOOKMARK [2][-]{subsection.1.1}{Electric Charge}{section.1}% 2
\BOOKMARK [2][-]{subsection.1.2}{Coulomb's Law}{section.1}% 3
\BOOKMARK [2][-]{subsection.1.3}{Superposition Principle}{section.1}% 4
\BOOKMARK [1][-]{section.2}{Electric Field.}{}% 5
\BOOKMARK [2][-]{subsection.2.1}{Electric Field}{section.2}% 6
\BOOKMARK [2][-]{subsection.2.2}{Electric Field Lines}{section.2}% 7
\BOOKMARK [2][-]{subsection.2.3}{Summary}{section.2}% 8
\BOOKMARK [1][-]{section.3}{Electric Dipole.}{}% 9
\BOOKMARK [2][-]{subsection.3.1}{Dipole}{section.3}% 10
\BOOKMARK [2][-]{subsection.3.2}{Electric Field of a Dipole}{section.3}% 11
\BOOKMARK [1][-]{section.4}{Charge Densities.}{}% 12
\BOOKMARK [2][-]{subsection.4.1}{Volume Charge Density}{section.4}% 13
\BOOKMARK [2][-]{subsection.4.2}{Surface Charge Density}{section.4}% 14
\BOOKMARK [2][-]{subsection.4.3}{Line Charge Density}{section.4}% 15
\BOOKMARK [2][-]{subsection.4.4}{Continuous Charge Distributions}{section.4}% 16
\BOOKMARK [2][-]{subsection.4.5}{General Strategies}{section.4}% 17
\BOOKMARK [2][-]{subsection.4.6}{Examples}{section.4}% 18
\BOOKMARK [1][-]{section.5}{Exercises.}{}% 19
\BOOKMARK [2][-]{subsection.5.1}{Electric Forces}{section.5}% 20
\BOOKMARK [2][-]{subsection.5.2}{Electric Fields}{section.5}% 21
